<?xml version='1.0' encoding='UTF-8'?>
<testsuite hostname="lekaTP" name="BitonicSorterModuleTest" tests="3" errors="0" failures="0" skipped="0" time="2.424" timestamp="2023-09-17T16:17:19">
          <properties>
[...]
</properties>
          <testcase classname="BitonicSorterModuleTest" name="BitonicSorterModule should sort input values in ascending order" time="1.862">
                      
                    </testcase><testcase classname="BitonicSorterModuleTest" name="BitonicSorterModule should sort input values in descending order" time="0.561">
                      
                    </testcase><testcase classname="BitonicSorterModuleTest" name="BitonicSorterModule should not allow construction of Arrays whose length is not a power of 2" time="0.001">
                      
                    </testcase>
          <system-out><![CDATA[]]></system-out>
          <system-err><![CDATA[]]></system-err>
        </testsuite>